Arguments: 
  /usr/local/bin/node /usr/local/Cellar/yarn/1.5.1_1/libexec/bin/yarn.js watch

PATH: 
  /usr/bin:/bin:/usr/sbin:/sbin:/usr/local/bin:/usr/local/share/dotnet:/Library/Frameworks/Mono.framework/Versions/Current/Commands

Yarn version: 
  1.5.1

Node version: 
  8.9.1

Platform: 
  darwin x64

npm manifest: 
  {
    "name": "CodingPhase-StarterKit",
    "version": "1.0.0",
    "description": "Super Cool Framework",
    "main": "index.js",
    "author": "joe santos garcia",
    "license": "MIT",
    "homepage": "http://rocky.codingphase.com/",
    "dependencies": {
      "axios": "^0.16.1",
      "babel-core": "^6.24.1",
      "babel-loader": "^6.4.1",
      "babel-preset-env": "^1.4.0",
      "babel-preset-es2015": "^6.24.1",
      "babel-preset-react": "^6.24.1",
      "babel-preset-stage-0": "^6.24.1",
      "browser-sync": "^2.18.8",
      "gulp": "^3.9.1",
      "gulp-autoprefixer": "^3.1.1",
      "gulp-babel": "^6.1.2",
      "gulp-concat": "^2.6.0",
      "gulp-eslint": "^3.0.1",
      "gulp-imagemin": "^3.0.3",
      "gulp-sass": "^3.0.0",
      "gulp-shell": "^0.6.3",
      "gulp-uglify": "^2.0.0",
      "gulp-watch": "^4.3.9",
      "html-webpack-plugin": "^2.28.0",
      "node-sass": "^4.5.2",
      "react": "^15.5.4",
      "react-dom": "^15.5.4",
      "react-redux": "^5.0.4",
      "react-router": "^4.1.1",
      "redux": "^3.6.0",
      "sass-loader": "^6.0.3",
      "standard": "^10.0.2",
      "webpack": "^2.5.1",
      "webpack-stream": "^3.2.0"
    },
    "scripts": {
      "bundle": "./node_modules/.bin/webpack",
      "production": "./node_modules/.bin/webpack -p",
      "watch": "gulp",
      "sass": "gulp styles",
      "js": "gulp webpack"
    },
    "devDependencies": {
      "babel-plugin-transform-class-properties": "^6.24.1",
      "babel-preset-stage-0": "^6.24.1"
    }
  }

yarn manifest: 
  No manifest

Lockfile: 
  No lockfile

Trace: 
  Error: Command failed.
  Exit code: 1
  Command: sh
  Arguments: -c gulp
  Directory: /Users/Hermon/Projects/WebDevMaster/PalaceStore
  Output:
  
      at ProcessTermError.MessageError (/usr/local/Cellar/yarn/1.5.1_1/libexec/lib/cli.js:186:110)
      at new ProcessTermError (/usr/local/Cellar/yarn/1.5.1_1/libexec/lib/cli.js:226:113)
      at ChildProcess.<anonymous> (/usr/local/Cellar/yarn/1.5.1_1/libexec/lib/cli.js:30281:17)
      at emitTwo (events.js:126:13)
      at ChildProcess.emit (events.js:214:7)
      at maybeClose (internal/child_process.js:925:16)
      at Process.ChildProcess._handle.onexit (internal/child_process.js:209:5)
